MPASM  5.51                         PRAC1.ASM   9-14-2023  14:30:08         PAGE  1


LOC  OBJECT CODE     LINE SOURCE TEXT
  VALUE

                      00001 ;PRACTICA1
                      00002                         INCLUDE         <C:\Users\enriq\OneDrive\Documentos\UPIITA-ONEDRIVE\Semestres\Se
                            xto\Microcontroladores\Ejemplos curso\ENCABEZADO.ASM> ;B1
                      00001 ;LERDO CRISOSTOMO LUIS ENRIQUE
                      00002 ;12/09/2023
                      00003 ;ENCABEZADO
                      00004 ;SE PROPONE QUE AL HABER UN PUERTO DE SALIDA, DE ORIGEN SAQUE 0X00
                      00005 ;VAMOS A HACER NUESTRO PRIMER PROGRAMA
Warning[215]: Processor superseded by command line.  Verify processor symbol.
                      00006                         PROCESSOR       16F887
                      00007 ;                       __CONFIG                0X2007, 23E4;
                      00008 ;                       __CONFIG                0X2008, 3FFF;
                      00009                         INCLUDE         <P16F887.INC>
                      00001         LIST
                      00002 
                      00003 ;==========================================================================
                      00004 ;  MPASM PIC16F887 processor include
                      00005 ; 
                      00006 ;  (c) Copyright 1999-2013 Microchip Technology, All rights reserved
                      00007 ;==========================================================================
                      00008 
Message[301]: MESSAGE: (Processor-header file mismatch.  Verify selected processor.)
                      00809         LIST
0000                  00010                         ORG                     0X0000
0000   0185           00011                         CLRF            PORTA
0001   0186           00012                         CLRF            PORTB
0002   0187           00013                         CLRF            PORTC
0003   0188           00014                         CLRF            PORTD
0004   0189           00015                         CLRF            PORTE
0005   1683           00016                         BSF                     STATUS,RP0
0006   1703           00017                         BSF                     STATUS,RP1      ;B3
Message[302]: Register in operand not in bank 0.  Ensure that bank bits are correct.
0007   0188           00018                         CLRF                    ANSEL
Message[302]: Register in operand not in bank 0.  Ensure that bank bits are correct.
0008   0189           00019                         CLRF                    ANSELH
0009   1303           00020                         BCF                     STATUS,RP1      ;B1
Message[302]: Register in operand not in bank 0.  Ensure that bank bits are correct.
000A   0187           00003                         CLRF                    TRISC           ;COLOCAMOS COMO SALIDA EL PUERTO C.
Message[302]: Register in operand not in bank 0.  Ensure that bank bits are correct.
000B   1386           00004                         BCF                     TRISB,7         ;COLOCAMOS EL BIT 7 DEL PUERTO B COMO SA
                            LIDA.
000C   1283           00005                         BCF                     STATUS,RP0      ;B0.
                      00006 
000D   1C06           00007 INICIO          BTFSS           PORTB,0         ;SE ACTIVO EL PUSH DE B0?.
000E   280D           00008                         GOTO            INICIO          ;PERMANECE EN INICIO HASTA QUE SE ACTIVE.
000F   0808           00009                         MOVF            PORTD,W         ;CARGA EL VALOR DE D A W.
0010   00A0           00010                         MOVWF           0X20            ;GUARDA EL VALOR 1 EN REGISTRO 20.
0011   0087           00011                         MOVWF           PORTC           ;MUESTRA EL VALOR 1 EN EL PUERTOC.
                      00012 
0012   1886           00013 PUSH1           BTFSC           PORTB,1         ;EL PUSH1  ESTA ACTIVADO?
0013   281B           00014                         GOTO            PUSH2           ;VE A PUSH2
Message[305]: Using default destination of 1 (file).
0014   0888           00015                         MOVF            PORTD           ;LEE EL CONTENIDO DEL PUERTOD.
MPASM  5.51                         PRAC1.ASM   9-14-2023  14:30:08         PAGE  2


LOC  OBJECT CODE     LINE SOURCE TEXT
  VALUE

0015   0720           00016                         ADDWF           0X20,W          ;SUMA   DATA1 + DATO2.
0016   0087           00017                         MOVWF           PORTC           ;MUESTRA EL RESULTADO EN EL PORTC.
0017   1C03           00018                         BTFSS           STATUS,C                ;GENERO ACARREO?
0018   1386           00019                         BCF                     PORTB,7         ;APAGA EL LED CONECTADO AL PORTB7.      
                                                    
0019   1786           00020                         BSF                     PORTB,7         ;ENCIENDE EL LED CONECTADO AL PORTB7.
001A   2812           00021                         GOTO            PUSH1           ;VE A PUSH0.
                      00022 
                      00023 
                      00024 
001B   1D06           00025 PUSH2           BTFSS           PORTB,2         ;EL PUSH 2 ESTA ACTIVADO?
001C   2825           00026                         GOTO            PUSH3           ;VE AL PUSH3
001D   0808           00027                         MOVF            PORTD,W         ;LEE EL CONTENIDO DEL PORTD.
001E   0220           00028                         SUBWF           0X20,W          ;RESTA REG20 - PORTD(DATO2)
001F   1C03           00029                         BTFSS           STATUS,C                ;EL RESULTADO ES POSITIVO?
0020   3C00           00030                         SUBLW           0X00            ;OBTEN EL COMPLEMENTO A2.
0021   0087           00031                         MOVWF           PORTC           ;MUESTRA LA MAGNITUD DE EL RESULTADO EN EL PUERT
                            OC.
0022   1C03           00032                         BTFSS           STATUS,C                ;EL RESULTADO ES POSITIVO?
0023   1786           00033                         BSF                     PORTB,7         ;ENCIENDE EL LED DEL PORTB.7
0024   2842           00034                         GOTO            PUSH0           ;VE A LA PARTE DE PUSH0.
                      00035 
0025   1D86           00036 PUSH3           BTFSS           PORTB,3         ;EL PUSH3 ESTA ACTIVADO?
0026   280D           00037                         GOTO            INICIO          ;VUELVE A LEER LOS PUSH
0027   0808           00038                         MOVF            PORTD,W         ;LEE EL CONTENIDO DEL PORTD.
0028   0808           00039                         MOVF            PORTD,W         ;
0029   00A1           00040                         MOVWF           0X21            ;VALOR2 B       
002A   01A2           00041                         CLRF                    0X22            ;VALOR D
002B   30FF           00042                         MOVLW           0XFF
002C   0520           00043                         ANDWF           0X20,W          ;PROBAMOS SI A==0
002D   1D03           00044                         BTFSS           STATUS,Z
002E   2832           00045                         GOTO            TESTB
002F   3000           00046                         MOVLW           0X00
0030   0087           00047                         MOVWF           PORTC
0031   2831           00048                         GOTO            $
                      00049 
0032   30FF           00050 TESTB           MOVLW           0XFF
0033   0521           00051                         ANDWF           0X21,W          ;PROBAMOS SI B=0
0034   1D03           00052                         BTFSS           STATUS,Z
0035   2839           00053                         GOTO            BUCLE
0036   3000           00054                         MOVLW           0X00
0037   0087           00055                         MOVWF           PORTC
0038   2838           00056                         GOTO            $
                      00057                         
0039   0820           00058 BUCLE           MOVF            0X20,W  ;LEEO A 
003A   07A2           00059                         ADDWF           0X22,F  ;D=D+A
003B   0BA1           00060                         DECFSZ          0X21,F  ;B
003C   2839           00061                         GOTO            BUCLE           
003D   0822           00062                         MOVF            0X22,W
003E   0087           00063                         MOVWF           PORTC
003F   1803           00064                         BTFSC           STATUS,C
0040   1786           00065                         BSF                     PORTB,7
0041   2841           00066                         GOTO            $
MPASM  5.51                         PRAC1.ASM   9-14-2023  14:30:08         PAGE  3


LOC  OBJECT CODE     LINE SOURCE TEXT
  VALUE

                      00067                         
0042   1C06           00068 PUSH0           BTFSS           PORTB,0         ;SE VOLVIO A ACTIVAR EL BOTON DEL B0?
0043   2842           00069                         GOTO            PUSH0           ;ESPERA A QUE SE ACTIVE EL PUSH DE B0.          
                                    
0044   0808           00070                         MOVF            PORTD,W         ;LEE EL CONTENIDO DEL PUERTOD(DATO2).
0045   00A1           00071                         MOVWF           0X21            ;VALOR2 O B
0046   01A2           00072                         CLRF                    0X22            ;CONTADOR CNT
                      00073 
0047   30FF           00074                         MOVLW           0XFF
0048   0520           00075                         ANDWF           0X20,W
0049   1D03           00076                         BTFSS           STATUS,Z
004A   284E           00077                         GOTO            TESTDIVB
004B   0822           00078                         MOVF            0X22,W
004C   0087           00079                         MOVWF           PORTC
004D   284D           00080                         GOTO            $
                      00081 
004E   30FF           00082 TESTDIVB                MOVLW           0XFF
004F   0521           00083                         ANDWF           0X21,W
0050   1D03           00084                         BTFSS           STATUS,Z
0051   2856           00085                         GOTO            DIVA
0052   30FF           00086                         MOVLW           0XFF
0053   0087           00087                         MOVWF           PORTC
0054   1786           00088                         BSF                     PORTB,7
0055   2855           00089                         GOTO            $
                      00090 
0056   0AA2           00091 DIVA                    INCF                    0X22,F  ;CNT=CNT+1
0057   0821           00092                         MOVF            0X21,W  ;B
0058   02A0           00093                         SUBWF           0X20,F  ;A=A-W PERO W=B
0059   1C03           00094                         BTFSS           STATUS,C        
005A   2856           00095                         GOTO            DIVA
005B   1D03           00096                         BTFSS           STATUS,Z
005C   1786           00097                         BSF                     PORTB,7 
005D   0087           00098                         MOVWF           PORTC   ;MUESTRA EL RESULTADO EN EL PORTC.      
005E   285E           00099                         GOTO            $
                      00100                         END
MPASM  5.51                         PRAC1.ASM   9-14-2023  14:30:08         PAGE  4


SYMBOL TABLE
  LABEL                             VALUE 

ABDEN                             00000000
ABDOVF                            00000007
ACKDT                             00000005
ACKEN                             00000004
ACKSTAT                           00000006
ADCON0                            0000001F
ADCON1                            0000009F
ADCS0                             00000006
ADCS1                             00000007
ADDEN                             00000003
ADFM                              00000007
ADIE                              00000006
ADIF                              00000006
ADON                              00000000
ADRESH                            0000001E
ADRESL                            0000009E
ANS0                              00000000
ANS1                              00000001
ANS10                             00000002
ANS11                             00000003
ANS12                             00000004
ANS13                             00000005
ANS2                              00000002
ANS3                              00000003
ANS4                              00000004
ANS5                              00000005
ANS6                              00000006
ANS7                              00000007
ANS8                              00000000
ANS9                              00000001
ANSEL                             00000188
ANSELH                            00000189
BAUDCTL                           00000187
BCLIE                             00000003
BCLIF                             00000003
BF                                00000000
BRG0                              00000000
BRG1                              00000001
BRG10                             00000002
BRG11                             00000003
BRG12                             00000004
BRG13                             00000005
BRG14                             00000006
BRG15                             00000007
BRG16                             00000003
BRG2                              00000002
BRG3                              00000003
BRG4                              00000004
BRG5                              00000005
BRG6                              00000006
BRG7                              00000007
BRG8                              00000000
BRG9                              00000001
MPASM  5.51                         PRAC1.ASM   9-14-2023  14:30:08         PAGE  5


SYMBOL TABLE
  LABEL                             VALUE 

BRGH                              00000002
BUCLE                             00000039
C                                 00000000
C1CH0                             00000000
C1CH1                             00000001
C1IE                              00000005
C1IF                              00000005
C1OE                              00000005
C1ON                              00000007
C1OUT                             00000006
C1POL                             00000004
C1R                               00000002
C1RSEL                            00000005
C1SEN                             00000005
C2CH0                             00000000
C2CH1                             00000001
C2IE                              00000006
C2IF                              00000006
C2OE                              00000005
C2ON                              00000007
C2OUT                             00000006
C2POL                             00000004
C2R                               00000002
C2REN                             00000004
C2RSEL                            00000004
C2SYNC                            00000000
CCP1CON                           00000017
CCP1IE                            00000002
CCP1IF                            00000002
CCP1M0                            00000000
CCP1M1                            00000001
CCP1M2                            00000002
CCP1M3                            00000003
CCP1X                             00000005
CCP1Y                             00000004
CCP2CON                           0000001D
CCP2IE                            00000000
CCP2IF                            00000000
CCP2M0                            00000000
CCP2M1                            00000001
CCP2M2                            00000002
CCP2M3                            00000003
CCP2X                             00000005
CCP2Y                             00000004
CCPR1                             00000015
CCPR1H                            00000016
CCPR1L                            00000015
CCPR2                             0000001B
CCPR2H                            0000001C
CCPR2L                            0000001B
CHS0                              00000002
CHS1                              00000003
CHS2                              00000004
MPASM  5.51                         PRAC1.ASM   9-14-2023  14:30:08         PAGE  6


SYMBOL TABLE
  LABEL                             VALUE 

CHS3                              00000005
CKE                               00000006
CKP                               00000004
CM1CON0                           00000107
CM2CON0                           00000108
CM2CON1                           00000109
CREN                              00000004
CSRC                              00000007
D                                 00000005
DATA_ADDRESS                      00000005
DC                                00000001
DC1B0                             00000004
DC1B1                             00000005
DC2B0                             00000004
DC2B1                             00000005
DIVA                              00000056
D_A                               00000005
D_NOT_A                           00000005
ECCPAS                            0000009C
ECCPAS0                           00000004
ECCPAS1                           00000005
ECCPAS2                           00000006
ECCPASE                           00000007
EEADR                             0000010D
EEADRH                            0000010F
EECON1                            0000018C
EECON2                            0000018D
EEDAT                             0000010C
EEDATA                            0000010C
EEDATH                            0000010E
EEIE                              00000004
EEIF                              00000004
EEPGD                             00000007
F                                 00000001
FERR                              00000002
FSR                               00000004
FVREN                             00000000
GCEN                              00000007
GIE                               00000007
GO                                00000001
GO_DONE                           00000001
GO_NOT_DONE                       00000001
HTS                               00000002
I2C_DATA                          00000005
I2C_READ                          00000002
I2C_START                         00000003
I2C_STOP                          00000004
INDF                              00000000
INICIO                            0000000D
INTCON                            0000000B
INTE                              00000004
INTEDG                            00000006
INTF                              00000001
MPASM  5.51                         PRAC1.ASM   9-14-2023  14:30:08         PAGE  7


SYMBOL TABLE
  LABEL                             VALUE 

IOCB                              00000096
IOCB0                             00000000
IOCB1                             00000001
IOCB2                             00000002
IOCB3                             00000003
IOCB4                             00000004
IOCB5                             00000005
IOCB6                             00000006
IOCB7                             00000007
IRCF0                             00000004
IRCF1                             00000005
IRCF2                             00000006
IRP                               00000007
LTS                               00000001
MC1OUT                            00000007
MC2OUT                            00000006
MSK                               00000093
MSK0                              00000000
MSK1                              00000001
MSK2                              00000002
MSK3                              00000003
MSK4                              00000004
MSK5                              00000005
MSK6                              00000006
MSK7                              00000007
NOT_A                             00000005
NOT_ADDRESS                       00000005
NOT_BO                            00000000
NOT_BOR                           00000000
NOT_DONE                          00000001
NOT_PD                            00000003
NOT_POR                           00000001
NOT_RBPU                          00000007
NOT_RC8                           00000006
NOT_T1SYNC                        00000002
NOT_TO                            00000004
NOT_TX8                           00000006
NOT_W                             00000002
NOT_WRITE                         00000002
OERR                              00000001
OPTION_REG                        00000081
OSCCON                            0000008F
OSCTUNE                           00000090
OSFIE                             00000007
OSFIF                             00000007
OSTS                              00000003
P                                 00000004
P1M0                              00000006
P1M1                              00000007
PCL                               00000002
PCLATH                            0000000A
PCON                              0000008E
PDC0                              00000000
MPASM  5.51                         PRAC1.ASM   9-14-2023  14:30:08         PAGE  8


SYMBOL TABLE
  LABEL                             VALUE 

PDC1                              00000001
PDC2                              00000002
PDC3                              00000003
PDC4                              00000004
PDC5                              00000005
PDC6                              00000006
PEIE                              00000006
PEN                               00000002
PIE1                              0000008C
PIE2                              0000008D
PIR1                              0000000C
PIR2                              0000000D
PORTA                             00000005
PORTB                             00000006
PORTC                             00000007
PORTD                             00000008
PORTE                             00000009
PR2                               00000092
PRSEN                             00000007
PS0                               00000000
PS1                               00000001
PS2                               00000002
PSA                               00000003
PSSAC0                            00000002
PSSAC1                            00000003
PSSBD0                            00000000
PSSBD1                            00000001
PSTRCON                           0000009D
PULSR                             00000002
PULSS                             00000003
PUSH0                             00000042
PUSH1                             00000012
PUSH2                             0000001B
PUSH3                             00000025
PWM1CON                           0000009B
R                                 00000002
RA0                               00000000
RA1                               00000001
RA2                               00000002
RA3                               00000003
RA4                               00000004
RA5                               00000005
RA6                               00000006
RA7                               00000007
RB0                               00000000
RB1                               00000001
RB2                               00000002
RB3                               00000003
RB4                               00000004
RB5                               00000005
RB6                               00000006
RB7                               00000007
RBIE                              00000003
MPASM  5.51                         PRAC1.ASM   9-14-2023  14:30:08         PAGE  9


SYMBOL TABLE
  LABEL                             VALUE 

RBIF                              00000000
RC0                               00000000
RC1                               00000001
RC2                               00000002
RC3                               00000003
RC4                               00000004
RC5                               00000005
RC6                               00000006
RC7                               00000007
RC8_9                             00000006
RC9                               00000006
RCD8                              00000000
RCEN                              00000003
RCIDL                             00000006
RCIE                              00000005
RCIF                              00000005
RCREG                             0000001A
RCSTA                             00000018
RD                                00000000
RD0                               00000000
RD1                               00000001
RD2                               00000002
RD3                               00000003
RD4                               00000004
RD5                               00000005
RD6                               00000006
RD7                               00000007
RE0                               00000000
RE1                               00000001
RE2                               00000002
RE3                               00000003
READ_WRITE                        00000002
RP0                               00000005
RP1                               00000006
RSEN                              00000001
RX9                               00000006
RX9D                              00000000
R_NOT_W                           00000002
R_W                               00000002
S                                 00000003
SBOREN                            00000004
SCKP                              00000004
SCS                               00000000
SEN                               00000000
SENDB                             00000003
SMP                               00000007
SPBRG                             00000099
SPBRGH                            0000009A
SPEN                              00000007
SR0                               00000006
SR1                               00000007
SRCON                             00000185
SREN                              00000005
MPASM  5.51                         PRAC1.ASM   9-14-2023  14:30:08         PAGE 10


SYMBOL TABLE
  LABEL                             VALUE 

SSPADD                            00000093
SSPBUF                            00000013
SSPCON                            00000014
SSPCON2                           00000091
SSPEN                             00000005
SSPIE                             00000003
SSPIF                             00000003
SSPM0                             00000000
SSPM1                             00000001
SSPM2                             00000002
SSPM3                             00000003
SSPMSK                            00000093
SSPOV                             00000006
SSPSTAT                           00000094
STATUS                            00000003
STRA                              00000000
STRB                              00000001
STRC                              00000002
STRD                              00000003
STRSYNC                           00000004
SWDTEN                            00000000
SYNC                              00000004
T0CS                              00000005
T0IE                              00000005
T0IF                              00000002
T0SE                              00000004
T1CKPS0                           00000004
T1CKPS1                           00000005
T1CON                             00000010
T1GINV                            00000007
T1GIV                             00000007
T1GSS                             00000001
T1INSYNC                          00000002
T1OSCEN                           00000003
T1SYNC                            00000002
T2CKPS0                           00000000
T2CKPS1                           00000001
T2CON                             00000012
TESTB                             00000032
TESTDIVB                          0000004E
TMR0                              00000001
TMR0IE                            00000005
TMR0IF                            00000002
TMR1                              0000000E
TMR1CS                            00000001
TMR1GE                            00000006
TMR1H                             0000000F
TMR1IE                            00000000
TMR1IF                            00000000
TMR1L                             0000000E
TMR1ON                            00000000
TMR2                              00000011
TMR2IE                            00000001
MPASM  5.51                         PRAC1.ASM   9-14-2023  14:30:08         PAGE 11


SYMBOL TABLE
  LABEL                             VALUE 

TMR2IF                            00000001
TMR2ON                            00000002
TOUTPS0                           00000003
TOUTPS1                           00000004
TOUTPS2                           00000005
TOUTPS3                           00000006
TRISA                             00000085
TRISA0                            00000000
TRISA1                            00000001
TRISA2                            00000002
TRISA3                            00000003
TRISA4                            00000004
TRISA5                            00000005
TRISA6                            00000006
TRISA7                            00000007
TRISB                             00000086
TRISB0                            00000000
TRISB1                            00000001
TRISB2                            00000002
TRISB3                            00000003
TRISB4                            00000004
TRISB5                            00000005
TRISB6                            00000006
TRISB7                            00000007
TRISC                             00000087
TRISC0                            00000000
TRISC1                            00000001
TRISC2                            00000002
TRISC3                            00000003
TRISC4                            00000004
TRISC5                            00000005
TRISC6                            00000006
TRISC7                            00000007
TRISD                             00000088
TRISD0                            00000000
TRISD1                            00000001
TRISD2                            00000002
TRISD3                            00000003
TRISD4                            00000004
TRISD5                            00000005
TRISD6                            00000006
TRISD7                            00000007
TRISE                             00000089
TRISE0                            00000000
TRISE1                            00000001
TRISE2                            00000002
TRISE3                            00000003
TRMT                              00000001
TUN0                              00000000
TUN1                              00000001
TUN2                              00000002
TUN3                              00000003
TUN4                              00000004
MPASM  5.51                         PRAC1.ASM   9-14-2023  14:30:08         PAGE 12


SYMBOL TABLE
  LABEL                             VALUE 

TX8_9                             00000006
TX9                               00000006
TX9D                              00000000
TXD8                              00000000
TXEN                              00000005
TXIE                              00000004
TXIF                              00000004
TXREG                             00000019
TXSTA                             00000098
UA                                00000001
ULPWUE                            00000005
ULPWUIE                           00000002
ULPWUIF                           00000002
VCFG0                             00000004
VCFG1                             00000005
VR0                               00000000
VR1                               00000001
VR2                               00000002
VR3                               00000003
VRCON                             00000097
VREN                              00000007
VROE                              00000006
VRR                               00000005
VRSS                              00000004
W                                 00000000
WCOL                              00000007
WDTCON                            00000105
WDTPS0                            00000001
WDTPS1                            00000002
WDTPS2                            00000003
WDTPS3                            00000004
WPUB                              00000095
WPUB0                             00000000
WPUB1                             00000001
WPUB2                             00000002
WPUB3                             00000003
WPUB4                             00000004
WPUB5                             00000005
WPUB6                             00000006
WPUB7                             00000007
WR                                00000001
WREN                              00000002
WRERR                             00000003
WUE                               00000001
Z                                 00000002
_BOR21V                           00003EFF
_BOR40V                           00003FFF
_BOR4V_BOR21V                     00003EFF
_BOR4V_BOR40V                     00003FFF
_BOREN_NSLEEP                     00003EFF
_BOREN_OFF                        00003CFF
_BOREN_ON                         00003FFF
_BOREN_SBODEN                     00003DFF
MPASM  5.51                         PRAC1.ASM   9-14-2023  14:30:08         PAGE 13


SYMBOL TABLE
  LABEL                             VALUE 

_BOR_NSLEEP                       00003EFF
_BOR_OFF                          00003CFF
_BOR_ON                           00003FFF
_BOR_SBODEN                       00003DFF
_CONFIG1                          00002007
_CONFIG2                          00002008
_CPD_OFF                          00003FFF
_CPD_ON                           00003F7F
_CP_OFF                           00003FFF
_CP_ON                            00003FBF
_DEBUG_OFF                        00003FFF
_DEBUG_ON                         00001FFF
_DEVID1                           00002006
_EC_OSC                           00003FFB
_EXTRC                            00003FFF
_EXTRCIO                          00003FFE
_EXTRC_OSC_CLKOUT                 00003FFF
_EXTRC_OSC_NOCLKOUT               00003FFE
_FCMEN_OFF                        000037FF
_FCMEN_ON                         00003FFF
_FOSC_EC                          00003FFB
_FOSC_EXTRC_CLKOUT                00003FFF
_FOSC_EXTRC_NOCLKOUT              00003FFE
_FOSC_HS                          00003FFA
_FOSC_INTRC_CLKOUT                00003FFD
_FOSC_INTRC_NOCLKOUT              00003FFC
_FOSC_LP                          00003FF8
_FOSC_XT                          00003FF9
_HS_OSC                           00003FFA
_IDLOC0                           00002000
_IDLOC1                           00002001
_IDLOC2                           00002002
_IDLOC3                           00002003
_IESO_OFF                         00003BFF
_IESO_ON                          00003FFF
_INTOSC                           00003FFD
_INTOSCIO                         00003FFC
_INTRC_OSC_CLKOUT                 00003FFD
_INTRC_OSC_NOCLKOUT               00003FFC
_LP_OSC                           00003FF8
_LVP_OFF                          00002FFF
_LVP_ON                           00003FFF
_MCLRE_OFF                        00003FDF
_MCLRE_ON                         00003FFF
_PWRTE_OFF                        00003FFF
_PWRTE_ON                         00003FEF
_WDTE_OFF                         00003FF7
_WDTE_ON                          00003FFF
_WDT_OFF                          00003FF7
_WDT_ON                           00003FFF
_WRT_1FOURTH                      00003BFF
_WRT_256                          00003DFF
_WRT_HALF                         000039FF
MPASM  5.51                         PRAC1.ASM   9-14-2023  14:30:08         PAGE 14


SYMBOL TABLE
  LABEL                             VALUE 

_WRT_OFF                          00003FFF
_XT_OSC                           00003FF9
__16F877                          00000001
__DEBUG                           1


MEMORY USAGE MAP ('X' = Used,  '-' = Unused)

0000 : XXXXXXXXXXXXXXXX XXXXXXXXXXXXXXXX XXXXXXXXXXXXXXXX XXXXXXXXXXXXXXXX
0040 : XXXXXXXXXXXXXXXX XXXXXXXXXXXXXXX- ---------------- ----------------

All other memory blocks unused.

Program Memory Words Used:    95
Program Memory Words Free:  8097


Errors   :     0
Warnings :     1 reported,     0 suppressed
Messages :     6 reported,     0 suppressed

