MPASM  5.51                         PRAC1.ASM   9-20-2023  8:09:42         PAGE  1


LOC  OBJECT CODE     LINE SOURCE TEXT
  VALUE

                      00001 ;PRACTICA1
  00000020            00002 DATOA           EQU                     0X20
  00000021            00003 DATOB           EQU                     0X21
  00000022            00004 DATOD           EQU                     0X22
  00000023            00005 CNT                     EQU                     0X23
  00000024            00006 RESB            EQU                     0X24
                      00007 
                      00008                         INCLUDE         <D:\dtrej\Documents\Escuela\Micros\PROGRAMAS\ENCABEZADO\ENCABEZA
                            DO.ASM> ;B1
                      00001                         INCLUDE         <D:\dtrej\Documents\Escuela\Micros\PROGRAMAS\ENCABEZADO\MACROS.A
                            SM>
                      00001 SUBT1V          MACRO           VAR1
                      00002                         MOVLW           VAR1
                      00003                         MOVWF           0X60
                      00004                         CALL            ST1V
                      00005                         ENDM
                      00006 ;********************************
                      00007 SUBT2V          MACRO           VAR1,VAR2
                      00008                         MOVLW           VAR2
                      00009                         MOVWF           0X61
                      00010                         MOVLW           VAR1
                      00011                         MOVWF           0X62
                      00012                         CALL            ST2V
                      00013                         ENDM
                      00014 ;*******************************
                      00015 SUBT3V          MACRO           VAR1,VAR2,VAR3
                      00016                         MOVLW           VAR1    
                      00017                         MOVWF           0X64
                      00018                         MOVLW           VAR2
                      00019                         MOVWF           0X65            
                      00020                         MOVLW           VAR3
                      00021                         MOVWF           0X66
                      00022                         CALL            ST3V    
                      00023                         ENDM
                      00024 ;**********************************
                      00025 PUSHMAC         MACRO           PUERTO,PIN
                      00026                         BTFSS           PUERTO,PIN
                      00027                         GOTO            $-1
                      00028                         CALL            T25MS
                      00029                         BTFSC           PUERTO,PIN
                      00030                         GOTO            $-1
                      00031                         CALL            T25MS
                      00032                         ENDM
                      00033 ;*************************************
                      00034 SUBT25MS        MACRO
                      00035 T25MS:          SUBT3V          .3,.47,.25
                      00036                         RETURN
                      00037                         ENDM
                      00002                         PROCESSOR               16F887
2007   23E4           00003                         __CONFIG                0X2007,23E4
2008   3FFF           00004                         __CONFIG                0X2008,3FFF
                      00005                         INCLUDE                 <P16F887.INC>
                      00001         LIST
MPASM  5.51                         PRAC1.ASM   9-20-2023  8:09:42         PAGE  2


LOC  OBJECT CODE     LINE SOURCE TEXT
  VALUE

                      00002 
                      00003 ;==========================================================================
                      00004 ;  MPASM PIC16F887 processor include
                      00005 ; 
                      00006 ;  (c) Copyright 1999-2013 Microchip Technology, All rights reserved
                      00007 ;==========================================================================
                      00008 
                      00809         LIST
0000                  00006                         ORG                             0X0000
0000   0185           00007                         CLRF                    PORTA
0001   0186           00008                         CLRF                    PORTB
0002   0187           00009                         CLRF                    PORTC
0003   0188           00010                         CLRF                    PORTD
0004   0189           00011                         CLRF                    PORTE
0005   1683           00012                         BSF                             STATUS,RP0
0006   1703           00013                         BSF                             STATUS,RP1              ;B2
Message[302]: Register in operand not in bank 0.  Ensure that bank bits are correct.
0007   0188           00014                         CLRF                    ANSEL
Message[302]: Register in operand not in bank 0.  Ensure that bank bits are correct.
0008   0189           00015                         CLRF                    ANSELH
0009   1303           00016                         BCF                             STATUS,RP1              ;B1
Message[302]: Register in operand not in bank 0.  Ensure that bank bits are correct.
000A   0187           00009                         CLRF            TRISC           ;COLOCAMOS COMO SALIDA EL PUERTO C.
Message[302]: Register in operand not in bank 0.  Ensure that bank bits are correct.
000B   1386           00010                         BCF                     TRISB,7         ;COLOCAMOS EL BIT 7 DEL PUERTO B COMO SA
                            LIDA.
000C   1283           00011                         BCF                     STATUS,RP0      ;B0.
                      00012 
000D   1C06           00013 INICIO          BTFSS           PORTB,0         ;SE ACTIVO EL PUSH DE B0?.
000E   280D           00014                         GOTO            INICIO          ;PERMANECE EN INICIO HASTA QUE SE ACTIVE.
000F   0808           00015                         MOVF            PORTD,W         ;CARGA EL VALOR DE D A W.
0010   00A0           00016                         MOVWF           DATOA           ;GUARDA EL VALOR 1 EN DATOA.
0011   0087           00017                         MOVWF           PORTC           ;MUESTRA EL VALOR 1 EN EL PUERTOC.
                      00018 
0012   1886           00019 PUSHES          BTFSC           PORTB,1         ;EL PUSH1  ESTA ACTIVADO?
0013   2819           00020                         GOTO            SUMA            ;SI EL PUSH1 ESTA ACTIVADO VA A LA SUMA
0014   1906           00021                         BTFSC           PORTB,2         ;EL PUSH2 ESTA ACTIVO?
0015   2820           00022                         GOTO            RESTA           ;SI EL PUSH2 ESTA ACTIVADO VA A LA RESTA
0016   1986           00023                         BTFSC           PORTB,3         ;EL PUSH3 ESTA ACTIVO?
0017   2829           00024                         GOTO            MULTI           ;SI EL PUSH3 ESTA ACTIVADO VA A LA MULTIPLICACIO
                            N
0018   2812           00025                         GOTO            PUSHES          ;SI NINGUNO DE LOS PUSHES SE ACTIVO ENTRA EN BUC
                            LE HASTA QUE UNO SE ACTIVE
                      00026 
0019   0808           00027 SUMA            MOVF            PORTD,W         ;LEE EL CONTENIDO DEL PUERTOD.
001A   00A1           00028                         MOVWF           DATOB           ;CARGA EL VALOR DEL PORTD EN EL DATO B
001B   0720           00029                         ADDWF           DATOA,W         ;SUMA   DATA1 + DATO2.
001C   0087           00030                         MOVWF           PORTC           ;MUESTRA EL RESULTADO EN EL PORTC.
001D   1803           00031                         BTFSC           STATUS,C        ;GENERO ACARREO?
001E   1786           00032                         BSF                     PORTB,7         ;ENCIENDE EL LED CONECTADO AL PORTB7.
001F   2845           00033                         GOTO            DIV                     ;VE A DIV.                      
                      00034 
0020   0808           00035 RESTA           MOVF            PORTD,W         ;LEE EL CONTENIDO DEL PORTD.
MPASM  5.51                         PRAC1.ASM   9-20-2023  8:09:42         PAGE  3


LOC  OBJECT CODE     LINE SOURCE TEXT
  VALUE

0021   00A1           00036                         MOVWF           DATOB           ;CARGA EL VALOR DEL PORTD EN EL DATO B
0022   0220           00037                         SUBWF           DATOA,W         ;RESTA REG20 - PORTD(DATO2)
0023   1C03           00038                         BTFSS           STATUS,C        ;EL RESULTADO ES POSITIVO?
0024   3C00           00039                         SUBLW           0X00            ;OBTEN EL COMPLEMENTO A2.
0025   0087           00040                         MOVWF           PORTC           ;MUESTRA LA MAGNITUD DE EL RESULTADO EN EL PUERT
                            OC.
0026   1C03           00041                         BTFSS           STATUS,C        ;EL RESULTADO ES POSITIVO?
0027   1786           00042                         BSF                     PORTB,7         ;ENCIENDE EL LED DEL PORTB.7.
0028   2845           00043                         GOTO            DIV
                      00044 
0029   0808           00045 MULTI           MOVF            PORTD,W         ;LEE EL CONTENIDO DEL PORTD.
002A   0808           00046                         MOVF            PORTD,W         ;CARGA EL CONTENIDO DEL PORTD EN W
002B   00A1           00047                         MOVWF           DATOB           ;VALOR2 B       
002C   00A4           00048                         MOVWF           RESB            ;CARGAMOS OTRA VEZ EL VALOR B
002D   01A2           00049                         CLRF            DATOD           ;VALOR D
002E   30FF           00050                         MOVLW           0XFF            ;CARGAMOS A W CON 0XFF
002F   0520           00051                         ANDWF           DATOA,W         ;PROBAMOS SI A==0 HACIENDO LA OPERACION AND EN A
0030   1D03           00052                         BTFSS           STATUS,Z        ;PREGUNTAMOS Z==1 EN CASO DE SERLO SIGNIFICA QUE
                             A==0
0031   2835           00053                         GOTO            TESTB           ;EN CASO DE NO SERLO VAMOS A PROBAR A B
0032   3000           00054                         MOVLW           0X00            ;EN CASO DE SI SERLO CARGAMOS CON 0 A W
0033   0087           00055                         MOVWF           PORTC           ;CARGAMOS A W CON 0
0034   2845           00056                         GOTO            DIV                     
                      00057 
0035   30FF           00058 TESTB           MOVLW           0XFF            ;CARGAMOS A W CON 0XFF
0036   0521           00059                         ANDWF           DATOB,W         ;PROBAMOS SI B=0 HACIENDO LA OPERACION AND EN B
0037   1D03           00060                         BTFSS           STATUS,Z        ;PREGUNTAMOS SI Z==1 EN CASO DE SERLO SIGNIFICA 
                            QUE B==0
0038   283C           00061                         GOTO            BUCLE           ;EN CASO DE NO SERLO VAMOS A HACER LA MULTIPLICA
                            CION
0039   3000           00062                         MOVLW           0X00            ;EN CASO DE SI SERLO CARGAMOS CON 0 A W
003A   0087           00063                         MOVWF           PORTC           ;CARGAMOS A W CON 0
003B   2845           00064                         GOTO            DIV
                      00065                         
003C   0820           00066 BUCLE           MOVF            DATOA,W ;LEEO A Y LO CARGO EN W 
003D   07A2           00067                         ADDWF           DATOD,F ;HACEMOS LA OPERACION D=D+W PERO W=A
003E   1803           00068                         BTFSC           STATUS,C ;PREGUNTAMOS SI HUBO ACARREO LO QUE SIGNIFICARIA QUE EX
                            CEDIMOS LOS BITS
003F   1786           00069                         BSF                     PORTB,7 ; EN CASO DE SI SERLO COLOCAMOS AL PORTB.7 CON 1
0040   0BA4           00070                         DECFSZ          RESB,F  ;DECREMENTAMOS A B Y PREGUNTAMOS SI YA LLEGO A 0
0041   283C           00071                         GOTO            BUCLE   ;EN CASO DE NO HABER LLEGADO REGRESAMOS AL BUCLE
0042   0822           00072                         MOVF            DATOD,W ;EN CASO DE HABER LLEGADO A 0 CARGAMOS A W CON D
0043   0087           00073                         MOVWF           PORTC   ;CARGAMOS AL PORTC CON D
0044   2845           00074                         GOTO            DIV
                      00075                         
0045   1C06           00076 DIV                     BTFSS           PORTB,0 ;SE VOLVIO A ACTIVAR EL BOTON DEL B0?
0046   2845           00077                         GOTO            DIV             ;ESPERA A QUE SE ACTIVE EL PUSH DE B0.          
                                    
0047   1386           00078                         BCF                     PORTB,7 ;COLOCAMOS EL PORTB.7 EN 0 EN CASO DE QUE SE HAY
                            A ENCENDIDO EN ALGUNA DE LAS OPERACIONES ANTERIORES                     
0048   01A3           00079                         CLRF            CNT             ;PONEMOS EN 0 EL CONTADOR 
0049   30FF           00080                         MOVLW           0XFF    ;CARGAMOS 0XFF A W
004A   0521           00081                         ANDWF           DATOB,W ;HACEMOS LA OPERACION LOGICA AND A EL DATO B CON RESPECT
MPASM  5.51                         PRAC1.ASM   9-20-2023  8:09:42         PAGE  4


LOC  OBJECT CODE     LINE SOURCE TEXT
  VALUE

                            O A W
004B   1D03           00082                         BTFSS           STATUS,Z        ;PROBAMOS LA BANDERA Z PARA SABER SI EL REULTADO
                             ES 0
004C   2851           00083                         GOTO            TESTDIVA        ; EN CASO DE NO SERLO VAMOS A HACER LA DIVICION
004D   30FF           00084                         MOVLW           0XFF    ;EN CASO DE QUE B SEA 0 CARGAMOS A W CON 0XFF
004E   0087           00085                         MOVWF           PORTC   ;CARGAMOS AL PUERTO C CON EL CONTENIDO DE W
004F   1786           00086                         BSF                     PORTB,7 ;ENCENDEMOS EL LED CONECTADO AL PORTB.7
0050   2850           00087                         GOTO            $
                      00088 
0051   30FF           00089 TESTDIVA        MOVLW           0XFF    ;CARGAMOS 0XFF A W
0052   0520           00090                         ANDWF           DATOA,W ;HACEMOS LA OPERACION LOGICA AND A EL DATO A CON RESPECT
                            O A W
0053   1D03           00091                         BTFSS           STATUS,Z        ;PROBAMOS LA BANDERA Z PARA SABER SI EL RESULTAD
                            O ES 0
0054   2858           00092                         GOTO            DIVA    ;SI NO ES 0 VAMOS A PROBAR EL DATO B
0055   0823           00093                         MOVF            CNT,W   ;EN CASO DE SER 0 EL RESULTADO CARGAMOS EL CONTENIDO DEL
                             CONTADOR A W
0056   0087           00094                         MOVWF           PORTC   ;CARGAMOS AL PORT C CON W
0057   2857           00095                         GOTO            $
                      00096 
0058   0AA3           00097 DIVA            INCF            CNT,F   ;CNT=CNT+1
0059   0821           00098                         MOVF            DATOB,W ;CARGAMOS EL CONTENIDO QUE HAY EN EL DATOB QUE EXTRAJIMO
                            S EN LAS OPERACIONES ANTERIORES
005A   02A0           00099                         SUBWF           DATOA,F ;HACEMOS LA RESTA DE A-B Y LO CARGAMOS EN A
005B   1803           00100                         BTFSC           STATUS,C        ;PREGUNTAMOS SI A>=B
005C   2858           00101                         GOTO            DIVA    ;SI A>=B CONTINUAMOS HACIENDO RESTAS EN BUCLE
005D   0821           00102                         MOVF            DATOB,W ;CARGAMOS EL DATO B A W
005E   07A0           00103                         ADDWF           DATOA,F ;SUMAMOS A+B
005F   30FF           00104                         MOVLW           0XFF    ;CARGAMOS A W CON 0XFF
0060   05A0           00105                         ANDWF           DATOA,F ;HACEMOS LA OPERACION LOGICA AND A EL DATO A CON RESPECT
                            O W PARA CONOCER SI ES CERO
0061   1D03           00106                         BTFSS           STATUS,Z        ;PREGUNTAMOS SI NUESTRA OPERACION DIO 0 COMO RES
                            ULTADO
0062   1786           00107                         BSF                     PORTB,7 ;EN CASO DE NO HABER DADO 0 SIGNIFICA QUE HAY RE
                            SIDUO
0063   03A3           00108                         DECF            CNT,F   ;DECREMENTAMOS EN 1 EL CONTADOR
0064   0823           00109                         MOVF            CNT,W   ;CARGAMOS EL CONTENIDO DEL CONTADOR A W
0065   0087           00110                         MOVWF           PORTC   ;MUESTRA EL RESULTADO EN EL PORTC.      
0066   2866           00111                         GOTO            $
                      00112                         END
MPASM  5.51                         PRAC1.ASM   9-20-2023  8:09:42         PAGE  5


SYMBOL TABLE
  LABEL                             VALUE 

ABDEN                             00000000
ABDOVF                            00000007
ACKDT                             00000005
ACKEN                             00000004
ACKSTAT                           00000006
ADCON0                            0000001F
ADCON1                            0000009F
ADCS0                             00000006
ADCS1                             00000007
ADDEN                             00000003
ADFM                              00000007
ADIE                              00000006
ADIF                              00000006
ADON                              00000000
ADRESH                            0000001E
ADRESL                            0000009E
ANS0                              00000000
ANS1                              00000001
ANS10                             00000002
ANS11                             00000003
ANS12                             00000004
ANS13                             00000005
ANS2                              00000002
ANS3                              00000003
ANS4                              00000004
ANS5                              00000005
ANS6                              00000006
ANS7                              00000007
ANS8                              00000000
ANS9                              00000001
ANSEL                             00000188
ANSELH                            00000189
BAUDCTL                           00000187
BCLIE                             00000003
BCLIF                             00000003
BF                                00000000
BRG0                              00000000
BRG1                              00000001
BRG10                             00000002
BRG11                             00000003
BRG12                             00000004
BRG13                             00000005
BRG14                             00000006
BRG15                             00000007
BRG16                             00000003
BRG2                              00000002
BRG3                              00000003
BRG4                              00000004
BRG5                              00000005
BRG6                              00000006
BRG7                              00000007
BRG8                              00000000
BRG9                              00000001
MPASM  5.51                         PRAC1.ASM   9-20-2023  8:09:42         PAGE  6


SYMBOL TABLE
  LABEL                             VALUE 

BRGH                              00000002
BUCLE                             0000003C
C                                 00000000
C1CH0                             00000000
C1CH1                             00000001
C1IE                              00000005
C1IF                              00000005
C1OE                              00000005
C1ON                              00000007
C1OUT                             00000006
C1POL                             00000004
C1R                               00000002
C1RSEL                            00000005
C1SEN                             00000005
C2CH0                             00000000
C2CH1                             00000001
C2IE                              00000006
C2IF                              00000006
C2OE                              00000005
C2ON                              00000007
C2OUT                             00000006
C2POL                             00000004
C2R                               00000002
C2REN                             00000004
C2RSEL                            00000004
C2SYNC                            00000000
CCP1CON                           00000017
CCP1IE                            00000002
CCP1IF                            00000002
CCP1M0                            00000000
CCP1M1                            00000001
CCP1M2                            00000002
CCP1M3                            00000003
CCP1X                             00000005
CCP1Y                             00000004
CCP2CON                           0000001D
CCP2IE                            00000000
CCP2IF                            00000000
CCP2M0                            00000000
CCP2M1                            00000001
CCP2M2                            00000002
CCP2M3                            00000003
CCP2X                             00000005
CCP2Y                             00000004
CCPR1                             00000015
CCPR1H                            00000016
CCPR1L                            00000015
CCPR2                             0000001B
CCPR2H                            0000001C
CCPR2L                            0000001B
CHS0                              00000002
CHS1                              00000003
CHS2                              00000004
MPASM  5.51                         PRAC1.ASM   9-20-2023  8:09:42         PAGE  7


SYMBOL TABLE
  LABEL                             VALUE 

CHS3                              00000005
CKE                               00000006
CKP                               00000004
CM1CON0                           00000107
CM2CON0                           00000108
CM2CON1                           00000109
CNT                               00000023
CREN                              00000004
CSRC                              00000007
D                                 00000005
DATA_ADDRESS                      00000005
DATOA                             00000020
DATOB                             00000021
DATOD                             00000022
DC                                00000001
DC1B0                             00000004
DC1B1                             00000005
DC2B0                             00000004
DC2B1                             00000005
DIV                               00000045
DIVA                              00000058
D_A                               00000005
D_NOT_A                           00000005
ECCPAS                            0000009C
ECCPAS0                           00000004
ECCPAS1                           00000005
ECCPAS2                           00000006
ECCPASE                           00000007
EEADR                             0000010D
EEADRH                            0000010F
EECON1                            0000018C
EECON2                            0000018D
EEDAT                             0000010C
EEDATA                            0000010C
EEDATH                            0000010E
EEIE                              00000004
EEIF                              00000004
EEPGD                             00000007
F                                 00000001
FERR                              00000002
FSR                               00000004
FVREN                             00000000
GCEN                              00000007
GIE                               00000007
GO                                00000001
GO_DONE                           00000001
GO_NOT_DONE                       00000001
HTS                               00000002
I2C_DATA                          00000005
I2C_READ                          00000002
I2C_START                         00000003
I2C_STOP                          00000004
INDF                              00000000
MPASM  5.51                         PRAC1.ASM   9-20-2023  8:09:42         PAGE  8


SYMBOL TABLE
  LABEL                             VALUE 

INICIO                            0000000D
INTCON                            0000000B
INTE                              00000004
INTEDG                            00000006
INTF                              00000001
IOCB                              00000096
IOCB0                             00000000
IOCB1                             00000001
IOCB2                             00000002
IOCB3                             00000003
IOCB4                             00000004
IOCB5                             00000005
IOCB6                             00000006
IOCB7                             00000007
IRCF0                             00000004
IRCF1                             00000005
IRCF2                             00000006
IRP                               00000007
LTS                               00000001
MC1OUT                            00000007
MC2OUT                            00000006
MSK                               00000093
MSK0                              00000000
MSK1                              00000001
MSK2                              00000002
MSK3                              00000003
MSK4                              00000004
MSK5                              00000005
MSK6                              00000006
MSK7                              00000007
MULTI                             00000029
NOT_A                             00000005
NOT_ADDRESS                       00000005
NOT_BO                            00000000
NOT_BOR                           00000000
NOT_DONE                          00000001
NOT_PD                            00000003
NOT_POR                           00000001
NOT_RBPU                          00000007
NOT_RC8                           00000006
NOT_T1SYNC                        00000002
NOT_TO                            00000004
NOT_TX8                           00000006
NOT_W                             00000002
NOT_WRITE                         00000002
OERR                              00000001
OPTION_REG                        00000081
OSCCON                            0000008F
OSCTUNE                           00000090
OSFIE                             00000007
OSFIF                             00000007
OSTS                              00000003
P                                 00000004
MPASM  5.51                         PRAC1.ASM   9-20-2023  8:09:42         PAGE  9


SYMBOL TABLE
  LABEL                             VALUE 

P1M0                              00000006
P1M1                              00000007
PCL                               00000002
PCLATH                            0000000A
PCON                              0000008E
PDC0                              00000000
PDC1                              00000001
PDC2                              00000002
PDC3                              00000003
PDC4                              00000004
PDC5                              00000005
PDC6                              00000006
PEIE                              00000006
PEN                               00000002
PIE1                              0000008C
PIE2                              0000008D
PIR1                              0000000C
PIR2                              0000000D
PORTA                             00000005
PORTB                             00000006
PORTC                             00000007
PORTD                             00000008
PORTE                             00000009
PR2                               00000092
PRSEN                             00000007
PS0                               00000000
PS1                               00000001
PS2                               00000002
PSA                               00000003
PSSAC0                            00000002
PSSAC1                            00000003
PSSBD0                            00000000
PSSBD1                            00000001
PSTRCON                           0000009D
PULSR                             00000002
PULSS                             00000003
PUSHES                            00000012
PUSHMAC                           
PWM1CON                           0000009B
R                                 00000002
RA0                               00000000
RA1                               00000001
RA2                               00000002
RA3                               00000003
RA4                               00000004
RA5                               00000005
RA6                               00000006
RA7                               00000007
RB0                               00000000
RB1                               00000001
RB2                               00000002
RB3                               00000003
RB4                               00000004
MPASM  5.51                         PRAC1.ASM   9-20-2023  8:09:42         PAGE 10


SYMBOL TABLE
  LABEL                             VALUE 

RB5                               00000005
RB6                               00000006
RB7                               00000007
RBIE                              00000003
RBIF                              00000000
RC0                               00000000
RC1                               00000001
RC2                               00000002
RC3                               00000003
RC4                               00000004
RC5                               00000005
RC6                               00000006
RC7                               00000007
RC8_9                             00000006
RC9                               00000006
RCD8                              00000000
RCEN                              00000003
RCIDL                             00000006
RCIE                              00000005
RCIF                              00000005
RCREG                             0000001A
RCSTA                             00000018
RD                                00000000
RD0                               00000000
RD1                               00000001
RD2                               00000002
RD3                               00000003
RD4                               00000004
RD5                               00000005
RD6                               00000006
RD7                               00000007
RE0                               00000000
RE1                               00000001
RE2                               00000002
RE3                               00000003
READ_WRITE                        00000002
RESB                              00000024
RESTA                             00000020
RP0                               00000005
RP1                               00000006
RSEN                              00000001
RX9                               00000006
RX9D                              00000000
R_NOT_W                           00000002
R_W                               00000002
S                                 00000003
SBOREN                            00000004
SCKP                              00000004
SCS                               00000000
SEN                               00000000
SENDB                             00000003
SMP                               00000007
SPBRG                             00000099
MPASM  5.51                         PRAC1.ASM   9-20-2023  8:09:42         PAGE 11


SYMBOL TABLE
  LABEL                             VALUE 

SPBRGH                            0000009A
SPEN                              00000007
SR0                               00000006
SR1                               00000007
SRCON                             00000185
SREN                              00000005
SSPADD                            00000093
SSPBUF                            00000013
SSPCON                            00000014
SSPCON2                           00000091
SSPEN                             00000005
SSPIE                             00000003
SSPIF                             00000003
SSPM0                             00000000
SSPM1                             00000001
SSPM2                             00000002
SSPM3                             00000003
SSPMSK                            00000093
SSPOV                             00000006
SSPSTAT                           00000094
STATUS                            00000003
STRA                              00000000
STRB                              00000001
STRC                              00000002
STRD                              00000003
STRSYNC                           00000004
SUBT1V                            
SUBT25MS                          
SUBT2V                            
SUBT3V                            
SUMA                              00000019
SWDTEN                            00000000
SYNC                              00000004
T0CS                              00000005
T0IE                              00000005
T0IF                              00000002
T0SE                              00000004
T1CKPS0                           00000004
T1CKPS1                           00000005
T1CON                             00000010
T1GINV                            00000007
T1GIV                             00000007
T1GSS                             00000001
T1INSYNC                          00000002
T1OSCEN                           00000003
T1SYNC                            00000002
T2CKPS0                           00000000
T2CKPS1                           00000001
T2CON                             00000012
TESTB                             00000035
TESTDIVA                          00000051
TMR0                              00000001
TMR0IE                            00000005
MPASM  5.51                         PRAC1.ASM   9-20-2023  8:09:42         PAGE 12


SYMBOL TABLE
  LABEL                             VALUE 

TMR0IF                            00000002
TMR1                              0000000E
TMR1CS                            00000001
TMR1GE                            00000006
TMR1H                             0000000F
TMR1IE                            00000000
TMR1IF                            00000000
TMR1L                             0000000E
TMR1ON                            00000000
TMR2                              00000011
TMR2IE                            00000001
TMR2IF                            00000001
TMR2ON                            00000002
TOUTPS0                           00000003
TOUTPS1                           00000004
TOUTPS2                           00000005
TOUTPS3                           00000006
TRISA                             00000085
TRISA0                            00000000
TRISA1                            00000001
TRISA2                            00000002
TRISA3                            00000003
TRISA4                            00000004
TRISA5                            00000005
TRISA6                            00000006
TRISA7                            00000007
TRISB                             00000086
TRISB0                            00000000
TRISB1                            00000001
TRISB2                            00000002
TRISB3                            00000003
TRISB4                            00000004
TRISB5                            00000005
TRISB6                            00000006
TRISB7                            00000007
TRISC                             00000087
TRISC0                            00000000
TRISC1                            00000001
TRISC2                            00000002
TRISC3                            00000003
TRISC4                            00000004
TRISC5                            00000005
TRISC6                            00000006
TRISC7                            00000007
TRISD                             00000088
TRISD0                            00000000
TRISD1                            00000001
TRISD2                            00000002
TRISD3                            00000003
TRISD4                            00000004
TRISD5                            00000005
TRISD6                            00000006
TRISD7                            00000007
MPASM  5.51                         PRAC1.ASM   9-20-2023  8:09:42         PAGE 13


SYMBOL TABLE
  LABEL                             VALUE 

TRISE                             00000089
TRISE0                            00000000
TRISE1                            00000001
TRISE2                            00000002
TRISE3                            00000003
TRMT                              00000001
TUN0                              00000000
TUN1                              00000001
TUN2                              00000002
TUN3                              00000003
TUN4                              00000004
TX8_9                             00000006
TX9                               00000006
TX9D                              00000000
TXD8                              00000000
TXEN                              00000005
TXIE                              00000004
TXIF                              00000004
TXREG                             00000019
TXSTA                             00000098
UA                                00000001
ULPWUE                            00000005
ULPWUIE                           00000002
ULPWUIF                           00000002
VCFG0                             00000004
VCFG1                             00000005
VR0                               00000000
VR1                               00000001
VR2                               00000002
VR3                               00000003
VRCON                             00000097
VREN                              00000007
VROE                              00000006
VRR                               00000005
VRSS                              00000004
W                                 00000000
WCOL                              00000007
WDTCON                            00000105
WDTPS0                            00000001
WDTPS1                            00000002
WDTPS2                            00000003
WDTPS3                            00000004
WPUB                              00000095
WPUB0                             00000000
WPUB1                             00000001
WPUB2                             00000002
WPUB3                             00000003
WPUB4                             00000004
WPUB5                             00000005
WPUB6                             00000006
WPUB7                             00000007
WR                                00000001
WREN                              00000002
MPASM  5.51                         PRAC1.ASM   9-20-2023  8:09:42         PAGE 14


SYMBOL TABLE
  LABEL                             VALUE 

WRERR                             00000003
WUE                               00000001
Z                                 00000002
_BOR21V                           00003EFF
_BOR40V                           00003FFF
_BOR4V_BOR21V                     00003EFF
_BOR4V_BOR40V                     00003FFF
_BOREN_NSLEEP                     00003EFF
_BOREN_OFF                        00003CFF
_BOREN_ON                         00003FFF
_BOREN_SBODEN                     00003DFF
_BOR_NSLEEP                       00003EFF
_BOR_OFF                          00003CFF
_BOR_ON                           00003FFF
_BOR_SBODEN                       00003DFF
_CONFIG1                          00002007
_CONFIG2                          00002008
_CPD_OFF                          00003FFF
_CPD_ON                           00003F7F
_CP_OFF                           00003FFF
_CP_ON                            00003FBF
_DEBUG_OFF                        00003FFF
_DEBUG_ON                         00001FFF
_DEVID1                           00002006
_EC_OSC                           00003FFB
_EXTRC                            00003FFF
_EXTRCIO                          00003FFE
_EXTRC_OSC_CLKOUT                 00003FFF
_EXTRC_OSC_NOCLKOUT               00003FFE
_FCMEN_OFF                        000037FF
_FCMEN_ON                         00003FFF
_FOSC_EC                          00003FFB
_FOSC_EXTRC_CLKOUT                00003FFF
_FOSC_EXTRC_NOCLKOUT              00003FFE
_FOSC_HS                          00003FFA
_FOSC_INTRC_CLKOUT                00003FFD
_FOSC_INTRC_NOCLKOUT              00003FFC
_FOSC_LP                          00003FF8
_FOSC_XT                          00003FF9
_HS_OSC                           00003FFA
_IDLOC0                           00002000
_IDLOC1                           00002001
_IDLOC2                           00002002
_IDLOC3                           00002003
_IESO_OFF                         00003BFF
_IESO_ON                          00003FFF
_INTOSC                           00003FFD
_INTOSCIO                         00003FFC
_INTRC_OSC_CLKOUT                 00003FFD
_INTRC_OSC_NOCLKOUT               00003FFC
_LP_OSC                           00003FF8
_LVP_OFF                          00002FFF
_LVP_ON                           00003FFF
MPASM  5.51                         PRAC1.ASM   9-20-2023  8:09:42         PAGE 15


SYMBOL TABLE
  LABEL                             VALUE 

_MCLRE_OFF                        00003FDF
_MCLRE_ON                         00003FFF
_PWRTE_OFF                        00003FFF
_PWRTE_ON                         00003FEF
_WDTE_OFF                         00003FF7
_WDTE_ON                          00003FFF
_WDT_OFF                          00003FF7
_WDT_ON                           00003FFF
_WRT_1FOURTH                      00003BFF
_WRT_256                          00003DFF
_WRT_HALF                         000039FF
_WRT_OFF                          00003FFF
_XT_OSC                           00003FF9
__16F887                          00000001
__DEBUG                           1


MEMORY USAGE MAP ('X' = Used,  '-' = Unused)

0000 : XXXXXXXXXXXXXXXX XXXXXXXXXXXXXXXX XXXXXXXXXXXXXXXX XXXXXXXXXXXXXXXX
0040 : XXXXXXXXXXXXXXXX XXXXXXXXXXXXXXXX XXXXXXX--------- ----------------
2000 : -------XX------- ---------------- ---------------- ----------------

All other memory blocks unused.

Program Memory Words Used:   103
Program Memory Words Free:  8089


Errors   :     0
Warnings :     0 reported,     0 suppressed
Messages :     4 reported,     0 suppressed

