MPASM  5.51                           PWM.ASM   9-17-2023  14:49:27         PAGE  1


LOC  OBJECT CODE     LINE SOURCE TEXT
  VALUE

                      00001 ;PORTD = PWM F=1000Hz cada que se apriete a PE.0 cambiar el PWMde:
                      00002 ;a) 0% al 5%
                      00003 ;b) 5% al 20%
                      00004 ;c) 20% al 50%
                      00005 ;d) 50% al 80%
                      00006 ;e) 20% al 100%
                      00007 ;MOSTRAR PE2= PARA COMPARAR CON EL PWM
                      00008 
                      00009 
                      00010                         INCLUDE         <D:\dtrej\Documents\Escuela\Micros\PROGRAMAS\ENCABEZADO\ENCABEZA
                            DO.ASM>
                      00001                         INCLUDE         <D:\dtrej\Documents\Escuela\Micros\PROGRAMAS\ENCABEZADO\MACROS.A
                            SM>
                      00001 SUBT1V          MACRO           VAR1
                      00002                         MOVLW           VAR1
                      00003                         MOVWF           0X60
                      00004                         CALL            ST1V
                      00005                         ENDM
                      00006 ;********************************
                      00007 SUBT2V          MACRO           VAR1,VAR2
                      00008                         MOVLW           VAR2
                      00009                         MOVWF           0X61
                      00010                         MOVLW           VAR1
                      00011                         MOVWF           0X62
                      00012                         CALL            ST2V
                      00013                         ENDM
                      00014 ;*******************************
                      00015 SUBT3V          MACRO           VAR1,VAR2,VAR3
                      00016                         MOVLW           VAR1    
                      00017                         MOVWF           0X64
                      00018                         MOVLW           VAR2
                      00019                         MOVWF           0X65            
                      00020                         MOVLW           VAR3
                      00021                         MOVWF           0X66
                      00022                         CALL            ST3V    
                      00023                         ENDM
                      00024 ;**********************************
                      00025 PUSHMAC         MACRO           PUERTO,PIN
                      00026                         BTFSS           PUERTO,PIN
                      00027                         GOTO            $-1
                      00028                         CALL            T25MS
                      00029                         BTFSC           PUERTO,PIN
                      00030                         GOTO            $-1
                      00031                         CALL            T25MS
                      00032                         ENDM
                      00033 ;*************************************
                      00034 SUBT25MS        MACRO
                      00035 T25MS:          SUBT3V          .3,.47,.25
                      00036                         RETURN
                      00037                         ENDM
                      00002                         PROCESSOR               16F887
2007   23E4           00003                         __CONFIG                0X2007,23E4
2008   3FFF           00004                         __CONFIG                0X2008,3FFF
MPASM  5.51                           PWM.ASM   9-17-2023  14:49:27         PAGE  2


LOC  OBJECT CODE     LINE SOURCE TEXT
  VALUE

                      00005                         INCLUDE                 <P16F887.INC>
                      00001         LIST
                      00002 
                      00003 ;==========================================================================
                      00004 ;  MPASM PIC16F887 processor include
                      00005 ; 
                      00006 ;  (c) Copyright 1999-2013 Microchip Technology, All rights reserved
                      00007 ;==========================================================================
                      00008 
                      00809         LIST
0000                  00006                         ORG                             0X0000
0000   0185           00007                         CLRF                    PORTA
0001   0186           00008                         CLRF                    PORTB
0002   0187           00009                         CLRF                    PORTC
0003   0188           00010                         CLRF                    PORTD
0004   0189           00011                         CLRF                    PORTE
0005   1683           00012                         BSF                             STATUS,RP0
0006   1703           00013                         BSF                             STATUS,RP1              ;B2
Message[302]: Register in operand not in bank 0.  Ensure that bank bits are correct.
0007   0188           00014                         CLRF                    ANSEL
Message[302]: Register in operand not in bank 0.  Ensure that bank bits are correct.
0008   0189           00015                         CLRF                    ANSELH
0009   1303           00016                         BCF                             STATUS,RP1              ;B1
Message[302]: Register in operand not in bank 0.  Ensure that bank bits are correct.
000A   0188           00011                         CLRF            TRISD
Message[302]: Register in operand not in bank 0.  Ensure that bank bits are correct.
000B   1109           00012                         BCF                     TRISE,2
000C   1283           00013                         BCF                     STATUS,RP0
                      00014                         
000D   1509           00015 INICIO:         BSF                     PORTE,2
000E   204E           00016 PWM5:           CALL            TESTPE0
                      00017                         SUBT3V          .1,.2,.2
000F   3001               M                         MOVLW           .1      
0010   00E4               M                         MOVWF           0X64
0011   3002               M                         MOVLW           .2
0012   00E5               M                         MOVWF           0X65            
0013   3002               M                         MOVLW           .2
0014   00E6               M                         MOVWF           0X66
0015   2067               M                         CALL            ST3V    
0016   0988           00018                         COMF            PORTD,F
                      00019                         SUBT2V          .9,.14
0017   300E               M                         MOVLW           .14
0018   00E1               M                         MOVWF           0X61
0019   3009               M                         MOVLW           .9
001A   00E2               M                         MOVWF           0X62
001B   205C               M                         CALL            ST2V
001C   0000           00020                         NOP
001D   1C09           00021                         BTFSS           PORTE,0
001E   280E           00022                         GOTO            PWM5
001F   204E           00023                         CALL            TESTPE0
                      00024 
0020   0988           00025 PWM20:          COMF            PORTD,F
                      00026                         SUBT2V          .4,.6
MPASM  5.51                           PWM.ASM   9-17-2023  14:49:27         PAGE  3


LOC  OBJECT CODE     LINE SOURCE TEXT
  VALUE

0021   3006               M                         MOVLW           .6
0022   00E1               M                         MOVWF           0X61
0023   3004               M                         MOVLW           .4
0024   00E2               M                         MOVWF           0X62
0025   205C               M                         CALL            ST2V
0026   0988           00027                         COMF            PORTD,F
                      00028                         SUBT2V          .37,.3
0027   3003               M                         MOVLW           .3
0028   00E1               M                         MOVWF           0X61
0029   3025               M                         MOVLW           .37
002A   00E2               M                         MOVWF           0X62
002B   205C               M                         CALL            ST2V
002C   1C09           00029                         BTFSS           PORTE,0
002D   2820           00030                         GOTO            PWM20
002E   204E           00031                         CALL            TESTPE0
                      00032 
002F   0988           00033 PWM50:          COMF            PORTD,F
                      00034                         SUBT2V          .17,.4
0030   3004               M                         MOVLW           .4
0031   00E1               M                         MOVWF           0X61
0032   3011               M                         MOVLW           .17
0033   00E2               M                         MOVWF           0X62
0034   205C               M                         CALL            ST2V
0035   0988           00035                         COMF            PORTD,F
                      00036                         SUBT1V          .70
0036   3046               M                         MOVLW           .70
0037   00E0               M                         MOVWF           0X60
0038   2055               M                         CALL            ST1V
0039   0000           00037                         NOP
003A   1C09           00038                         BTFSS           PORTE,0
003B   282F           00039                         GOTO            PWM50
003C   204E           00040                         CALL            TESTPE0
                      00041 
003D   0988           00042 PWM80:          COMF            PORTD,F
                      00043                         SUBT2V          .1,.72
003E   3048               M                         MOVLW           .72
003F   00E1               M                         MOVWF           0X61
0040   3001               M                         MOVLW           .1
0041   00E2               M                         MOVWF           0X62
0042   205C               M                         CALL            ST2V
0043   0988           00044                         COMF            PORTD,F
                      00045                         SUBT1V          .27
0044   301B               M                         MOVLW           .27
0045   00E0               M                         MOVWF           0X60
0046   2055               M                         CALL            ST1V
0047   0000           00046                         NOP
0048   0000           00047                         NOP
0049   1C09           00048                         BTFSS           PORTE,0
004A   283D           00049                         GOTO            PWM80
004B   204E           00050                         CALL            TESTPE0
004C   0188           00051                         CLRF            PORTD
004D   280D           00052                         GOTO            INICIO
                      00053 
MPASM  5.51                           PWM.ASM   9-17-2023  14:49:27         PAGE  4


LOC  OBJECT CODE     LINE SOURCE TEXT
  VALUE

                      00054 TESTPE0:        PUSHMAC         PORTE,0
004E   1C09               M                         BTFSS           PORTE,0
004F   284E               M                         GOTO            $-1
0050   2076               M                         CALL            T25MS
0051   1809               M                         BTFSC           PORTE,0
0052   2851               M                         GOTO            $-1
0053   2076               M                         CALL            T25MS
0054   0008           00055                         RETURN
                      00056                 
                      00057                         INCLUDE         <D:\dtrej\Documents\Escuela\Micros\PROGRAMAS\VIDEOS\SUBRUTINAS\S
                            UBRUTINASDETIEMPO.ASM>
0055   0000           00001 ST1V:           NOP
0056   0000           00002                         NOP
0057   0000           00003                         NOP
0058   0000           00004                         NOP
0059   0BE0           00005                         DECFSZ          0X60,F
005A   2855           00006                         GOTO            ST1V
005B   0008           00007                         RETURN
                      00008                         
005C   0862           00009 ST2V:           MOVF            0X62,W
005D   00E3           00010                         MOVWF           0X63
005E   0000           00011 DECRE2V:        NOP
005F   0000           00012                         NOP
0060   0000           00013                         NOP
0061   0000           00014                         NOP
0062   0BE3           00015                         DECFSZ          0X63,F
0063   285E           00016                         GOTO            DECRE2V
0064   0BE1           00017                         DECFSZ          0X61,F
0065   285C           00018                         GOTO            ST2V
0066   0008           00019                         RETURN
                      00020                         
0067   0866           00021 ST3V:           MOVF            0X66,W
0068   00E7           00022                         MOVWF           0X67
0069   0865           00023 RECARGA3V:      MOVF            0X65,W
006A   00E8           00024                         MOVWF           0X68
006B   0000           00025 DECRE3V         NOP
006C   0000           00026                         NOP
006D   0000           00027                         NOP
006E   0000           00028                         NOP
006F   0BE8           00029                         DECFSZ          0X68,F
0070   286B           00030                         GOTO            DECRE3V
0071   0BE7           00031                         DECFSZ          0X67,F
0072   2869           00032                         GOTO            RECARGA3V
0073   0BE4           00033                         DECFSZ          0X64,F
0074   2867           00034                         GOTO            ST3V
0075   0008           00035                         RETURN
                      00058                         SUBT25MS
                          M T25MS:          SUBT3V          .3,.47,.25
0076   3003               M                         MOVLW           .3      
0077   00E4               M                         MOVWF           0X64
0078   302F               M                         MOVLW           .47
0079   00E5               M                         MOVWF           0X65            
007A   3019               M                         MOVLW           .25
MPASM  5.51                           PWM.ASM   9-17-2023  14:49:27         PAGE  5


LOC  OBJECT CODE     LINE SOURCE TEXT
  VALUE

007B   00E6               M                         MOVWF           0X66
007C   2067               M                         CALL            ST3V    
007D   0008               M                         RETURN
                      00059                         END
MPASM  5.51                           PWM.ASM   9-17-2023  14:49:27         PAGE  6


SYMBOL TABLE
  LABEL                             VALUE 

ABDEN                             00000000
ABDOVF                            00000007
ACKDT                             00000005
ACKEN                             00000004
ACKSTAT                           00000006
ADCON0                            0000001F
ADCON1                            0000009F
ADCS0                             00000006
ADCS1                             00000007
ADDEN                             00000003
ADFM                              00000007
ADIE                              00000006
ADIF                              00000006
ADON                              00000000
ADRESH                            0000001E
ADRESL                            0000009E
ANS0                              00000000
ANS1                              00000001
ANS10                             00000002
ANS11                             00000003
ANS12                             00000004
ANS13                             00000005
ANS2                              00000002
ANS3                              00000003
ANS4                              00000004
ANS5                              00000005
ANS6                              00000006
ANS7                              00000007
ANS8                              00000000
ANS9                              00000001
ANSEL                             00000188
ANSELH                            00000189
BAUDCTL                           00000187
BCLIE                             00000003
BCLIF                             00000003
BF                                00000000
BRG0                              00000000
BRG1                              00000001
BRG10                             00000002
BRG11                             00000003
BRG12                             00000004
BRG13                             00000005
BRG14                             00000006
BRG15                             00000007
BRG16                             00000003
BRG2                              00000002
BRG3                              00000003
BRG4                              00000004
BRG5                              00000005
BRG6                              00000006
BRG7                              00000007
BRG8                              00000000
BRG9                              00000001
MPASM  5.51                           PWM.ASM   9-17-2023  14:49:27         PAGE  7


SYMBOL TABLE
  LABEL                             VALUE 

BRGH                              00000002
C                                 00000000
C1CH0                             00000000
C1CH1                             00000001
C1IE                              00000005
C1IF                              00000005
C1OE                              00000005
C1ON                              00000007
C1OUT                             00000006
C1POL                             00000004
C1R                               00000002
C1RSEL                            00000005
C1SEN                             00000005
C2CH0                             00000000
C2CH1                             00000001
C2IE                              00000006
C2IF                              00000006
C2OE                              00000005
C2ON                              00000007
C2OUT                             00000006
C2POL                             00000004
C2R                               00000002
C2REN                             00000004
C2RSEL                            00000004
C2SYNC                            00000000
CCP1CON                           00000017
CCP1IE                            00000002
CCP1IF                            00000002
CCP1M0                            00000000
CCP1M1                            00000001
CCP1M2                            00000002
CCP1M3                            00000003
CCP1X                             00000005
CCP1Y                             00000004
CCP2CON                           0000001D
CCP2IE                            00000000
CCP2IF                            00000000
CCP2M0                            00000000
CCP2M1                            00000001
CCP2M2                            00000002
CCP2M3                            00000003
CCP2X                             00000005
CCP2Y                             00000004
CCPR1                             00000015
CCPR1H                            00000016
CCPR1L                            00000015
CCPR2                             0000001B
CCPR2H                            0000001C
CCPR2L                            0000001B
CHS0                              00000002
CHS1                              00000003
CHS2                              00000004
CHS3                              00000005
MPASM  5.51                           PWM.ASM   9-17-2023  14:49:27         PAGE  8


SYMBOL TABLE
  LABEL                             VALUE 

CKE                               00000006
CKP                               00000004
CM1CON0                           00000107
CM2CON0                           00000108
CM2CON1                           00000109
CREN                              00000004
CSRC                              00000007
D                                 00000005
DATA_ADDRESS                      00000005
DC                                00000001
DC1B0                             00000004
DC1B1                             00000005
DC2B0                             00000004
DC2B1                             00000005
DECRE2V                           0000005E
DECRE3V                           0000006B
D_A                               00000005
D_NOT_A                           00000005
ECCPAS                            0000009C
ECCPAS0                           00000004
ECCPAS1                           00000005
ECCPAS2                           00000006
ECCPASE                           00000007
EEADR                             0000010D
EEADRH                            0000010F
EECON1                            0000018C
EECON2                            0000018D
EEDAT                             0000010C
EEDATA                            0000010C
EEDATH                            0000010E
EEIE                              00000004
EEIF                              00000004
EEPGD                             00000007
F                                 00000001
FERR                              00000002
FSR                               00000004
FVREN                             00000000
GCEN                              00000007
GIE                               00000007
GO                                00000001
GO_DONE                           00000001
GO_NOT_DONE                       00000001
HTS                               00000002
I2C_DATA                          00000005
I2C_READ                          00000002
I2C_START                         00000003
I2C_STOP                          00000004
INDF                              00000000
INICIO                            0000000D
INTCON                            0000000B
INTE                              00000004
INTEDG                            00000006
INTF                              00000001
MPASM  5.51                           PWM.ASM   9-17-2023  14:49:27         PAGE  9


SYMBOL TABLE
  LABEL                             VALUE 

IOCB                              00000096
IOCB0                             00000000
IOCB1                             00000001
IOCB2                             00000002
IOCB3                             00000003
IOCB4                             00000004
IOCB5                             00000005
IOCB6                             00000006
IOCB7                             00000007
IRCF0                             00000004
IRCF1                             00000005
IRCF2                             00000006
IRP                               00000007
LTS                               00000001
MC1OUT                            00000007
MC2OUT                            00000006
MSK                               00000093
MSK0                              00000000
MSK1                              00000001
MSK2                              00000002
MSK3                              00000003
MSK4                              00000004
MSK5                              00000005
MSK6                              00000006
MSK7                              00000007
NOT_A                             00000005
NOT_ADDRESS                       00000005
NOT_BO                            00000000
NOT_BOR                           00000000
NOT_DONE                          00000001
NOT_PD                            00000003
NOT_POR                           00000001
NOT_RBPU                          00000007
NOT_RC8                           00000006
NOT_T1SYNC                        00000002
NOT_TO                            00000004
NOT_TX8                           00000006
NOT_W                             00000002
NOT_WRITE                         00000002
OERR                              00000001
OPTION_REG                        00000081
OSCCON                            0000008F
OSCTUNE                           00000090
OSFIE                             00000007
OSFIF                             00000007
OSTS                              00000003
P                                 00000004
P1M0                              00000006
P1M1                              00000007
PCL                               00000002
PCLATH                            0000000A
PCON                              0000008E
PDC0                              00000000
MPASM  5.51                           PWM.ASM   9-17-2023  14:49:27         PAGE 10


SYMBOL TABLE
  LABEL                             VALUE 

PDC1                              00000001
PDC2                              00000002
PDC3                              00000003
PDC4                              00000004
PDC5                              00000005
PDC6                              00000006
PEIE                              00000006
PEN                               00000002
PIE1                              0000008C
PIE2                              0000008D
PIR1                              0000000C
PIR2                              0000000D
PORTA                             00000005
PORTB                             00000006
PORTC                             00000007
PORTD                             00000008
PORTE                             00000009
PR2                               00000092
PRSEN                             00000007
PS0                               00000000
PS1                               00000001
PS2                               00000002
PSA                               00000003
PSSAC0                            00000002
PSSAC1                            00000003
PSSBD0                            00000000
PSSBD1                            00000001
PSTRCON                           0000009D
PULSR                             00000002
PULSS                             00000003
PUSHMAC                           
PWM1CON                           0000009B
PWM20                             00000020
PWM5                              0000000E
PWM50                             0000002F
PWM80                             0000003D
R                                 00000002
RA0                               00000000
RA1                               00000001
RA2                               00000002
RA3                               00000003
RA4                               00000004
RA5                               00000005
RA6                               00000006
RA7                               00000007
RB0                               00000000
RB1                               00000001
RB2                               00000002
RB3                               00000003
RB4                               00000004
RB5                               00000005
RB6                               00000006
RB7                               00000007
MPASM  5.51                           PWM.ASM   9-17-2023  14:49:27         PAGE 11


SYMBOL TABLE
  LABEL                             VALUE 

RBIE                              00000003
RBIF                              00000000
RC0                               00000000
RC1                               00000001
RC2                               00000002
RC3                               00000003
RC4                               00000004
RC5                               00000005
RC6                               00000006
RC7                               00000007
RC8_9                             00000006
RC9                               00000006
RCD8                              00000000
RCEN                              00000003
RCIDL                             00000006
RCIE                              00000005
RCIF                              00000005
RCREG                             0000001A
RCSTA                             00000018
RD                                00000000
RD0                               00000000
RD1                               00000001
RD2                               00000002
RD3                               00000003
RD4                               00000004
RD5                               00000005
RD6                               00000006
RD7                               00000007
RE0                               00000000
RE1                               00000001
RE2                               00000002
RE3                               00000003
READ_WRITE                        00000002
RECARGA3V                         00000069
RP0                               00000005
RP1                               00000006
RSEN                              00000001
RX9                               00000006
RX9D                              00000000
R_NOT_W                           00000002
R_W                               00000002
S                                 00000003
SBOREN                            00000004
SCKP                              00000004
SCS                               00000000
SEN                               00000000
SENDB                             00000003
SMP                               00000007
SPBRG                             00000099
SPBRGH                            0000009A
SPEN                              00000007
SR0                               00000006
SR1                               00000007
MPASM  5.51                           PWM.ASM   9-17-2023  14:49:27         PAGE 12


SYMBOL TABLE
  LABEL                             VALUE 

SRCON                             00000185
SREN                              00000005
SSPADD                            00000093
SSPBUF                            00000013
SSPCON                            00000014
SSPCON2                           00000091
SSPEN                             00000005
SSPIE                             00000003
SSPIF                             00000003
SSPM0                             00000000
SSPM1                             00000001
SSPM2                             00000002
SSPM3                             00000003
SSPMSK                            00000093
SSPOV                             00000006
SSPSTAT                           00000094
ST1V                              00000055
ST2V                              0000005C
ST3V                              00000067
STATUS                            00000003
STRA                              00000000
STRB                              00000001
STRC                              00000002
STRD                              00000003
STRSYNC                           00000004
SUBT1V                            
SUBT25MS                          
SUBT2V                            
SUBT3V                            
SWDTEN                            00000000
SYNC                              00000004
T0CS                              00000005
T0IE                              00000005
T0IF                              00000002
T0SE                              00000004
T1CKPS0                           00000004
T1CKPS1                           00000005
T1CON                             00000010
T1GINV                            00000007
T1GIV                             00000007
T1GSS                             00000001
T1INSYNC                          00000002
T1OSCEN                           00000003
T1SYNC                            00000002
T25MS                             00000076
T2CKPS0                           00000000
T2CKPS1                           00000001
T2CON                             00000012
TESTPE0                           0000004E
TMR0                              00000001
TMR0IE                            00000005
TMR0IF                            00000002
TMR1                              0000000E
MPASM  5.51                           PWM.ASM   9-17-2023  14:49:27         PAGE 13


SYMBOL TABLE
  LABEL                             VALUE 

TMR1CS                            00000001
TMR1GE                            00000006
TMR1H                             0000000F
TMR1IE                            00000000
TMR1IF                            00000000
TMR1L                             0000000E
TMR1ON                            00000000
TMR2                              00000011
TMR2IE                            00000001
TMR2IF                            00000001
TMR2ON                            00000002
TOUTPS0                           00000003
TOUTPS1                           00000004
TOUTPS2                           00000005
TOUTPS3                           00000006
TRISA                             00000085
TRISA0                            00000000
TRISA1                            00000001
TRISA2                            00000002
TRISA3                            00000003
TRISA4                            00000004
TRISA5                            00000005
TRISA6                            00000006
TRISA7                            00000007
TRISB                             00000086
TRISB0                            00000000
TRISB1                            00000001
TRISB2                            00000002
TRISB3                            00000003
TRISB4                            00000004
TRISB5                            00000005
TRISB6                            00000006
TRISB7                            00000007
TRISC                             00000087
TRISC0                            00000000
TRISC1                            00000001
TRISC2                            00000002
TRISC3                            00000003
TRISC4                            00000004
TRISC5                            00000005
TRISC6                            00000006
TRISC7                            00000007
TRISD                             00000088
TRISD0                            00000000
TRISD1                            00000001
TRISD2                            00000002
TRISD3                            00000003
TRISD4                            00000004
TRISD5                            00000005
TRISD6                            00000006
TRISD7                            00000007
TRISE                             00000089
TRISE0                            00000000
MPASM  5.51                           PWM.ASM   9-17-2023  14:49:27         PAGE 14


SYMBOL TABLE
  LABEL                             VALUE 

TRISE1                            00000001
TRISE2                            00000002
TRISE3                            00000003
TRMT                              00000001
TUN0                              00000000
TUN1                              00000001
TUN2                              00000002
TUN3                              00000003
TUN4                              00000004
TX8_9                             00000006
TX9                               00000006
TX9D                              00000000
TXD8                              00000000
TXEN                              00000005
TXIE                              00000004
TXIF                              00000004
TXREG                             00000019
TXSTA                             00000098
UA                                00000001
ULPWUE                            00000005
ULPWUIE                           00000002
ULPWUIF                           00000002
VCFG0                             00000004
VCFG1                             00000005
VR0                               00000000
VR1                               00000001
VR2                               00000002
VR3                               00000003
VRCON                             00000097
VREN                              00000007
VROE                              00000006
VRR                               00000005
VRSS                              00000004
W                                 00000000
WCOL                              00000007
WDTCON                            00000105
WDTPS0                            00000001
WDTPS1                            00000002
WDTPS2                            00000003
WDTPS3                            00000004
WPUB                              00000095
WPUB0                             00000000
WPUB1                             00000001
WPUB2                             00000002
WPUB3                             00000003
WPUB4                             00000004
WPUB5                             00000005
WPUB6                             00000006
WPUB7                             00000007
WR                                00000001
WREN                              00000002
WRERR                             00000003
WUE                               00000001
MPASM  5.51                           PWM.ASM   9-17-2023  14:49:27         PAGE 15


SYMBOL TABLE
  LABEL                             VALUE 

Z                                 00000002
_BOR21V                           00003EFF
_BOR40V                           00003FFF
_BOR4V_BOR21V                     00003EFF
_BOR4V_BOR40V                     00003FFF
_BOREN_NSLEEP                     00003EFF
_BOREN_OFF                        00003CFF
_BOREN_ON                         00003FFF
_BOREN_SBODEN                     00003DFF
_BOR_NSLEEP                       00003EFF
_BOR_OFF                          00003CFF
_BOR_ON                           00003FFF
_BOR_SBODEN                       00003DFF
_CONFIG1                          00002007
_CONFIG2                          00002008
_CPD_OFF                          00003FFF
_CPD_ON                           00003F7F
_CP_OFF                           00003FFF
_CP_ON                            00003FBF
_DEBUG_OFF                        00003FFF
_DEBUG_ON                         00001FFF
_DEVID1                           00002006
_EC_OSC                           00003FFB
_EXTRC                            00003FFF
_EXTRCIO                          00003FFE
_EXTRC_OSC_CLKOUT                 00003FFF
_EXTRC_OSC_NOCLKOUT               00003FFE
_FCMEN_OFF                        000037FF
_FCMEN_ON                         00003FFF
_FOSC_EC                          00003FFB
_FOSC_EXTRC_CLKOUT                00003FFF
_FOSC_EXTRC_NOCLKOUT              00003FFE
_FOSC_HS                          00003FFA
_FOSC_INTRC_CLKOUT                00003FFD
_FOSC_INTRC_NOCLKOUT              00003FFC
_FOSC_LP                          00003FF8
_FOSC_XT                          00003FF9
_HS_OSC                           00003FFA
_IDLOC0                           00002000
_IDLOC1                           00002001
_IDLOC2                           00002002
_IDLOC3                           00002003
_IESO_OFF                         00003BFF
_IESO_ON                          00003FFF
_INTOSC                           00003FFD
_INTOSCIO                         00003FFC
_INTRC_OSC_CLKOUT                 00003FFD
_INTRC_OSC_NOCLKOUT               00003FFC
_LP_OSC                           00003FF8
_LVP_OFF                          00002FFF
_LVP_ON                           00003FFF
_MCLRE_OFF                        00003FDF
_MCLRE_ON                         00003FFF
MPASM  5.51                           PWM.ASM   9-17-2023  14:49:27         PAGE 16


SYMBOL TABLE
  LABEL                             VALUE 

_PWRTE_OFF                        00003FFF
_PWRTE_ON                         00003FEF
_WDTE_OFF                         00003FF7
_WDTE_ON                          00003FFF
_WDT_OFF                          00003FF7
_WDT_ON                           00003FFF
_WRT_1FOURTH                      00003BFF
_WRT_256                          00003DFF
_WRT_HALF                         000039FF
_WRT_OFF                          00003FFF
_XT_OSC                           00003FF9
__16F887                          00000001
__DEBUG                           1


MEMORY USAGE MAP ('X' = Used,  '-' = Unused)

0000 : XXXXXXXXXXXXXXXX XXXXXXXXXXXXXXXX XXXXXXXXXXXXXXXX XXXXXXXXXXXXXXXX
0040 : XXXXXXXXXXXXXXXX XXXXXXXXXXXXXXXX XXXXXXXXXXXXXXXX XXXXXXXXXXXXXX--
2000 : -------XX------- ---------------- ---------------- ----------------

All other memory blocks unused.

Program Memory Words Used:   126
Program Memory Words Free:  8066


Errors   :     0
Warnings :     0 reported,     0 suppressed
Messages :     4 reported,     0 suppressed

